# JRE version: OpenJDK Runtime Environment Microsoft-11369865 (17.0.15+6) (build 17.0.15+6-LTS)
# Java VM: OpenJDK 64-Bit Server VM Microsoft-11369865 (17.0.15+6-LTS, mixed mode, tiered, compressed oops, compressed class ptrs, g1 gc, windows-amd64)
GC Precious Log:
 CPUs: 6 total, 6 available
 Memory: 32703M
 Large Page Support: Disabled
 NUMA Support: Disabled
 Compressed Oops: Enabled (Zero based)
 Heap Region Size: 16M
 Heap Min Capacity: 16M
 Heap Initial Capacity: 512M
 Heap Max Capacity: 8G
 Pre-touch: Disabled
 Parallel Workers: 6
 Concurrent Workers: 2
 Concurrent Refinement Workers: 6
 Periodic GC: Disabled
Heap:
 garbage-first heap   total 1916928K, used 940435K [0x0000000600000000, 0x0000000800000000)
  region size 16384K, 18 young (294912K), 1 survivors (16384K)
 Metaspace       used 244401K, committed 246848K, reserved 1310720K
  class space    used 45019K, committed 46144K, reserved 1048576K
GC Heap History (20 events):
Event: 33.784 GC heap before
{Heap before GC invocations=50 (full 0):
 garbage-first heap   total 1556480K, used 1150712K [0x0000000600000000, 0x0000000800000000)
  region size 16384K, 42 young (688128K), 5 survivors (81920K)
 Metaspace       used 132452K, committed 134720K, reserved 1179648K
  class space    used 19482K, committed 20480K, reserved 1048576K
}
Event: 33.819 GC heap after
{Heap after GC invocations=51 (full 0):
 garbage-first heap   total 1556480K, used 557724K [0x0000000600000000, 0x0000000800000000)
  region size 16384K, 6 young (98304K), 6 survivors (98304K)
 Metaspace       used 132452K, committed 134720K, reserved 1179648K
  class space    used 19482K, committed 20480K, reserved 1048576K
}
Event: 36.652 GC heap before
{Heap before GC invocations=51 (full 0):
 garbage-first heap   total 1556480K, used 1180316K [0x0000000600000000, 0x0000000800000000)
  region size 16384K, 41 young (671744K), 6 survivors (98304K)
 Metaspace       used 156173K, committed 158464K, reserved 1245184K
  class space    used 24434K, committed 25472K, reserved 1048576K
}
Event: 36.686 GC heap after
{Heap after GC invocations=52 (full 0):
 garbage-first heap   total 1556480K, used 546776K [0x0000000600000000, 0x0000000800000000)
  region size 16384K, 4 young (65536K), 4 survivors (65536K)
 Metaspace       used 156173K, committed 158464K, reserved 1245184K
  class space    used 24434K, committed 25472K, reserved 1048576K
}
Event: 37.414 GC heap before
{Heap before GC invocations=52 (full 0):
 garbage-first heap   total 1556480K, used 759768K [0x0000000600000000, 0x0000000800000000)
  region size 16384K, 18 young (294912K), 4 survivors (65536K)
 Metaspace       used 166522K, committed 168768K, reserved 1245184K
  class space    used 26852K, committed 27840K, reserved 1048576K
}
Event: 37.436 GC heap after
{Heap after GC invocations=53 (full 0):
 garbage-first heap   total 1556480K, used 556244K [0x0000000600000000, 0x0000000800000000)
  region size 16384K, 3 young (49152K), 3 survivors (49152K)
 Metaspace       used 166522K, committed 168768K, reserved 1245184K
  class space    used 26852K, committed 27840K, reserved 1048576K
}
Event: 38.942 GC heap before
{Heap before GC invocations=54 (full 0):
 garbage-first heap   total 1556480K, used 1146068K [0x0000000600000000, 0x0000000800000000)
  region size 16384K, 39 young (638976K), 3 survivors (49152K)
 Metaspace       used 185791K, committed 188032K, reserved 1245184K
  class space    used 31788K, committed 32832K, reserved 1048576K
}
Event: 38.969 GC heap after
{Heap after GC invocations=55 (full 0):
 garbage-first heap   total 1556480K, used 570845K [0x0000000600000000, 0x0000000800000000)
  region size 16384K, 3 young (49152K), 3 survivors (49152K)
 Metaspace       used 185791K, committed 188032K, reserved 1245184K
  class space    used 31788K, committed 32832K, reserved 1048576K
}
Event: 40.950 GC heap before
{Heap before GC invocations=56 (full 0):
 garbage-first heap   total 1556480K, used 1160669K [0x0000000600000000, 0x0000000800000000)
  region size 16384K, 39 young (638976K), 3 survivors (49152K)
 Metaspace       used 210159K, committed 212544K, reserved 1245184K
  class space    used 36856K, committed 37952K, reserved 1048576K
}
Event: 40.977 GC heap after
{Heap after GC invocations=57 (full 0):
 garbage-first heap   total 1556480K, used 596558K [0x0000000600000000, 0x0000000800000000)
  region size 16384K, 4 young (65536K), 4 survivors (65536K)
 Metaspace       used 210159K, committed 212544K, reserved 1245184K
  class space    used 36856K, committed 37952K, reserved 1048576K
}
Event: 178.479 GC heap before
{Heap before GC invocations=57 (full 0):
 garbage-first heap   total 1556480K, used 1153614K [0x0000000600000000, 0x0000000800000000)
  region size 16384K, 38 young (622592K), 4 survivors (65536K)
 Metaspace       used 217076K, committed 219456K, reserved 1245184K
  class space    used 38458K, committed 39552K, reserved 1048576K
}
Event: 178.517 GC heap after
{Heap after GC invocations=58 (full 0):
 garbage-first heap   total 1556480K, used 618286K [0x0000000600000000, 0x0000000800000000)
  region size 16384K, 4 young (65536K), 4 survivors (65536K)
 Metaspace       used 217076K, committed 219456K, reserved 1245184K
  class space    used 38458K, committed 39552K, reserved 1048576K
}
Event: 178.873 GC heap before
{Heap before GC invocations=58 (full 0):
 garbage-first heap   total 1556480K, used 1175342K [0x0000000600000000, 0x0000000800000000)
  region size 16384K, 38 young (622592K), 4 survivors (65536K)
 Metaspace       used 217415K, committed 219776K, reserved 1245184K
  class space    used 38525K, committed 39616K, reserved 1048576K
}
Event: 178.909 GC heap after
{Heap after GC invocations=59 (full 0):
 garbage-first heap   total 1556480K, used 638439K [0x0000000600000000, 0x0000000800000000)
  region size 16384K, 3 young (49152K), 3 survivors (49152K)
 Metaspace       used 217415K, committed 219776K, reserved 1245184K
  class space    used 38525K, committed 39616K, reserved 1048576K
}
Event: 180.471 GC heap before
{Heap before GC invocations=59 (full 0):
 garbage-first heap   total 1556480K, used 1162727K [0x0000000600000000, 0x0000000800000000)
  region size 16384K, 35 young (573440K), 3 survivors (49152K)
 Metaspace       used 224237K, committed 226624K, reserved 1245184K
  class space    used 39901K, committed 40960K, reserved 1048576K
}
Event: 180.523 GC heap after
{Heap after GC invocations=60 (full 0):
 garbage-first heap   total 1556480K, used 673003K [0x0000000600000000, 0x0000000800000000)
  region size 16384K, 5 young (81920K), 5 survivors (81920K)
 Metaspace       used 224237K, committed 226624K, reserved 1245184K
  class space    used 39901K, committed 40960K, reserved 1048576K
}
Event: 182.958 GC heap before
{Heap before GC invocations=60 (full 0):
 garbage-first heap   total 1556480K, used 967915K [0x0000000600000000, 0x0000000800000000)
  region size 16384K, 23 young (376832K), 5 survivors (81920K)
 Metaspace       used 241079K, committed 243456K, reserved 1310720K
  class space    used 44402K, committed 45504K, reserved 1048576K
}
Event: 183.051 GC heap after
{Heap after GC invocations=61 (full 0):
 garbage-first heap   total 1556480K, used 680929K [0x0000000600000000, 0x0000000800000000)
  region size 16384K, 1 young (16384K), 1 survivors (16384K)
 Metaspace       used 241079K, committed 243456K, reserved 1310720K
  class space    used 44402K, committed 45504K, reserved 1048576K
}
Event: 207.277 GC heap before
{Heap before GC invocations=61 (full 0):
 garbage-first heap   total 1556480K, used 1156065K [0x0000000600000000, 0x0000000800000000)
  region size 16384K, 31 young (507904K), 1 survivors (16384K)
 Metaspace       used 242899K, committed 245376K, reserved 1310720K
  class space    used 44783K, committed 45888K, reserved 1048576K
}
Event: 207.302 GC heap after
{Heap after GC invocations=62 (full 0):
 garbage-first heap   total 1916928K, used 678291K [0x0000000600000000, 0x0000000800000000)
  region size 16384K, 1 young (16384K), 1 survivors (16384K)
 Metaspace       used 242899K, committed 245376K, reserved 1310720K
  class space    used 44783K, committed 45888K, reserved 1048576K
}

