# JRE version: OpenJDK Runtime Environment Microsoft-11369865 (17.0.15+6) (build 17.0.15+6-LTS)
# Java VM: OpenJDK 64-Bit Server VM Microsoft-11369865 (17.0.15+6-LTS, mixed mode, tiered, compressed oops, compressed class ptrs, g1 gc, windows-amd64)
GC Precious Log:
 CPUs: 6 total, 6 available
 Memory: 32703M
 Large Page Support: Disabled
 NUMA Support: Disabled
 Compressed Oops: Enabled (Zero based)
 Heap Region Size: 16M
 Heap Min Capacity: 16M
 Heap Initial Capacity: 512M
 Heap Max Capacity: 8G
 Pre-touch: Disabled
 Parallel Workers: 6
 Concurrent Workers: 2
 Concurrent Refinement Workers: 6
 Periodic GC: Disabled
Heap:
 garbage-first heap   total 8388608K, used 8388289K [0x0000000600000000, 0x0000000800000000)
  region size 16384K, 0 young (0K), 0 survivors (0K)
 Metaspace       used 363051K, committed 366208K, reserved 1376256K
  class space    used 63009K, committed 64448K, reserved 1048576K
GC Heap History (20 events):
Event: 536.462 GC heap after
{Heap after GC invocations=152 (full 0):
 garbage-first heap   total 7651328K, used 4803517K [0x0000000600000000, 0x0000000800000000)
  region size 16384K, 12 young (196608K), 12 survivors (196608K)
 Metaspace       used 362977K, committed 366080K, reserved 1376256K
  class space    used 63005K, committed 64448K, reserved 1048576K
}
Event: 536.889 GC heap before
{Heap before GC invocations=152 (full 0):
 garbage-first heap   total 7651328K, used 6114237K [0x0000000600000000, 0x0000000800000000)
  region size 16384K, 93 young (1523712K), 12 survivors (196608K)
 Metaspace       used 362977K, committed 366080K, reserved 1376256K
  class space    used 63005K, committed 64448K, reserved 1048576K
}
Event: 537.184 GC heap after
{Heap after GC invocations=153 (full 0):
 garbage-first heap   total 7831552K, used 5430398K [0x0000000600000000, 0x0000000800000000)
  region size 16384K, 12 young (196608K), 12 survivors (196608K)
 Metaspace       used 362977K, committed 366080K, reserved 1376256K
  class space    used 63005K, committed 64448K, reserved 1048576K
}
Event: 537.773 GC heap before
{Heap before GC invocations=153 (full 0):
 garbage-first heap   total 7831552K, used 6773886K [0x0000000600000000, 0x0000000800000000)
  region size 16384K, 95 young (1556480K), 12 survivors (196608K)
 Metaspace       used 362977K, committed 366080K, reserved 1376256K
  class space    used 63005K, committed 64448K, reserved 1048576K
}
Event: 537.997 GC heap after
{Heap after GC invocations=154 (full 0):
 garbage-first heap   total 7831552K, used 5979841K [0x0000000600000000, 0x0000000800000000)
  region size 16384K, 12 young (196608K), 12 survivors (196608K)
 Metaspace       used 362977K, committed 366080K, reserved 1376256K
  class space    used 63005K, committed 64448K, reserved 1048576K
}
Event: 538.455 GC heap before
{Heap before GC invocations=154 (full 0):
 garbage-first heap   total 7831552K, used 7323329K [0x0000000600000000, 0x0000000800000000)
  region size 16384K, 95 young (1556480K), 12 survivors (196608K)
 Metaspace       used 363001K, committed 366080K, reserved 1376256K
  class space    used 63005K, committed 64448K, reserved 1048576K
}
Event: 538.534 GC heap after
{Heap after GC invocations=155 (full 0):
 garbage-first heap   total 7831552K, used 6066501K [0x0000000600000000, 0x0000000800000000)
  region size 16384K, 4 young (65536K), 4 survivors (65536K)
 Metaspace       used 363001K, committed 366080K, reserved 1376256K
  class space    used 63005K, committed 64448K, reserved 1048576K
}
Event: 539.991 GC heap before
{Heap before GC invocations=155 (full 0):
 garbage-first heap   total 7831552K, used 7541061K [0x0000000600000000, 0x0000000800000000)
  region size 16384K, 95 young (1556480K), 4 survivors (65536K)
 Metaspace       used 363010K, committed 366144K, reserved 1376256K
  class space    used 63006K, committed 64448K, reserved 1048576K
}
Event: 540.056 GC heap after
{Heap after GC invocations=156 (full 0):
 garbage-first heap   total 7831552K, used 6102721K [0x0000000600000000, 0x0000000800000000)
  region size 16384K, 6 young (98304K), 6 survivors (98304K)
 Metaspace       used 363010K, committed 366144K, reserved 1376256K
  class space    used 63006K, committed 64448K, reserved 1048576K
}
Event: 542.774 GC heap before
{Heap before GC invocations=156 (full 0):
 garbage-first heap   total 8388608K, used 7675585K [0x0000000600000000, 0x0000000800000000)
  region size 16384K, 102 young (1671168K), 6 survivors (98304K)
 Metaspace       used 363016K, committed 366144K, reserved 1376256K
  class space    used 63008K, committed 64448K, reserved 1048576K
}
Event: 542.904 GC heap after
{Heap after GC invocations=157 (full 0):
 garbage-first heap   total 8388608K, used 6279325K [0x0000000600000000, 0x0000000800000000)
  region size 16384K, 13 young (212992K), 13 survivors (212992K)
 Metaspace       used 363016K, committed 366144K, reserved 1376256K
  class space    used 63008K, committed 64448K, reserved 1048576K
}
Event: 543.994 GC heap before
{Heap before GC invocations=158 (full 0):
 garbage-first heap   total 8388608K, used 7737501K [0x0000000600000000, 0x0000000800000000)
  region size 16384K, 102 young (1671168K), 13 survivors (212992K)
 Metaspace       used 363021K, committed 366144K, reserved 1376256K
  class space    used 63009K, committed 64448K, reserved 1048576K
}
Event: 544.162 GC heap after
{Heap after GC invocations=159 (full 0):
 garbage-first heap   total 8388608K, used 6500723K [0x0000000600000000, 0x0000000800000000)
  region size 16384K, 13 young (212992K), 13 survivors (212992K)
 Metaspace       used 363021K, committed 366144K, reserved 1376256K
  class space    used 63009K, committed 64448K, reserved 1048576K
}
Event: 544.429 GC heap before
{Heap before GC invocations=159 (full 0):
 garbage-first heap   total 8388608K, used 7942515K [0x0000000600000000, 0x0000000800000000)
  region size 16384K, 102 young (1671168K), 13 survivors (212992K)
 Metaspace       used 363021K, committed 366144K, reserved 1376256K
  class space    used 63009K, committed 64448K, reserved 1048576K
}
Event: 544.565 GC heap after
{Heap after GC invocations=160 (full 0):
 garbage-first heap   total 8388608K, used 6678535K [0x0000000600000000, 0x0000000800000000)
  region size 16384K, 12 young (196608K), 12 survivors (196608K)
 Metaspace       used 363021K, committed 366144K, reserved 1376256K
  class space    used 63009K, committed 64448K, reserved 1048576K
}
Event: 544.987 GC heap before
{Heap before GC invocations=160 (full 0):
 garbage-first heap   total 8388608K, used 8136711K [0x0000000600000000, 0x0000000800000000)
  region size 16384K, 102 young (1671168K), 12 survivors (196608K)
 Metaspace       used 363051K, committed 366208K, reserved 1376256K
  class space    used 63009K, committed 64448K, reserved 1048576K
}
Event: 545.231 GC heap after
{Heap after GC invocations=161 (full 0):
 garbage-first heap   total 8388608K, used 7847617K [0x0000000600000000, 0x0000000800000000)
  region size 16384K, 5 young (81920K), 5 survivors (81920K)
 Metaspace       used 363051K, committed 366208K, reserved 1376256K
  class space    used 63009K, committed 64448K, reserved 1048576K
}
Event: 545.379 GC heap before
{Heap before GC invocations=161 (full 0):
 garbage-first heap   total 8388608K, used 8371905K [0x0000000600000000, 0x0000000800000000)
  region size 16384K, 38 young (622592K), 5 survivors (81920K)
 Metaspace       used 363051K, committed 366208K, reserved 1376256K
  class space    used 63009K, committed 64448K, reserved 1048576K
}
Event: 545.600 GC heap after
{Heap after GC invocations=162 (full 0):
 garbage-first heap   total 8388608K, used 8388289K [0x0000000600000000, 0x0000000800000000)
  region size 16384K, 0 young (0K), 0 survivors (0K)
 Metaspace       used 363051K, committed 366208K, reserved 1376256K
  class space    used 63009K, committed 64448K, reserved 1048576K
}
Event: 545.601 GC heap before
{Heap before GC invocations=162 (full 0):
 garbage-first heap   total 8388608K, used 8388289K [0x0000000600000000, 0x0000000800000000)
  region size 16384K, 0 young (0K), 0 survivors (0K)
 Metaspace       used 363051K, committed 366208K, reserved 1376256K
  class space    used 63009K, committed 64448K, reserved 1048576K
}

